<?xml version="1.0" encoding="UTF-8"?>
<testng-results ignored="0" total="1" passed="1" failed="0" skipped="0">
  <reporter-output>
  </reporter-output>
  <suite started-at="2025-01-10T18:27:28 IST" name="Default suite" finished-at="2025-01-10T18:29:04 IST" duration-ms="95998">
    <groups>
    </groups>
    <test started-at="2025-01-10T18:27:28 IST" name="Default test" finished-at="2025-01-10T18:29:04 IST" duration-ms="95998">
      <class name="seleniumpractice.Demo">
        <test-method signature="login()[pri:0, instance:seleniumpractice.Demo@4135c3b]" started-at="2025-01-10T18:27:28 IST" name="login" finished-at="2025-01-10T18:29:04 IST" duration-ms="95929" status="PASS">
          <reporter-output>
          </reporter-output>
        </test-method> <!-- login -->
      </class> <!-- seleniumpractice.Demo -->
    </test> <!-- Default test -->
  </suite> <!-- Default suite -->
</testng-results>
